<?xml version="1.0" encoding="UTF-8"?>
<!-- Generated by org.testng.reporters.JUnitReportReporter -->
<testsuite skipped="0" hostname="pikkurthi" name="com.hijacking.dao.unsecured.UserRegistrationSecuredTest" tests="2" failures="0" timestamp="26 Mar 2018 22:25:46 GMT" time="0.163" errors="0">
  <testcase name="testRegistraion" time="0.122" classname="com.hijacking.dao.unsecured.UserRegistrationSecuredTest"/>
  <testcase name="testRegistraionSecondTime" time="0.041" classname="com.hijacking.dao.unsecured.UserRegistrationSecuredTest"/>
</testsuite> <!-- com.hijacking.dao.unsecured.UserRegistrationSecuredTest -->
