<?xml version="1.0" encoding="UTF-8"?>
<!-- Generated by org.testng.reporters.JUnitReportReporter -->
<testsuite skipped="0" hostname="pikkurthi" name="com.hijacking.dao.UserRegistrationTest" tests="2" failures="0" timestamp="26 Mar 2018 22:25:46 GMT" time="0.218" errors="0">
  <testcase name="testRegistraionSecondTime" time="0.092" classname="com.hijacking.dao.UserRegistrationTest"/>
  <testcase name="testRegistraion" time="0.126" classname="com.hijacking.dao.UserRegistrationTest"/>
</testsuite> <!-- com.hijacking.dao.UserRegistrationTest -->
