<?xml version="1.0" encoding="UTF-8"?>
<!-- Generated by org.testng.reporters.JUnitReportReporter -->
<testsuite skipped="0" hostname="pikkurthi" name="com.hijacking.dao.unsecured.SecuredVerifyLoginTest" tests="16" failures="0" timestamp="26 Mar 2018 22:25:46 GMT" time="0.113" errors="0">
  <testcase name="verifySecuredLoginwithInValidCredentials" time="0.008" classname="com.hijacking.dao.unsecured.SecuredVerifyLoginTest"/>
  <testcase name="verifySecuredLoginwithTautologyAttack2" time="0.005" classname="com.hijacking.dao.unsecured.SecuredVerifyLoginTest"/>
  <testcase name="verifySecuredLoginwithTautologyAttack7" time="0.008" classname="com.hijacking.dao.unsecured.SecuredVerifyLoginTest"/>
  <testcase name="verifySecuredLoginwithTautologyAttack1" time="0.005" classname="com.hijacking.dao.unsecured.SecuredVerifyLoginTest"/>
  <testcase name="verifySecuredLoginwithValidCredentials" time="0.006" classname="com.hijacking.dao.unsecured.SecuredVerifyLoginTest"/>
  <testcase name="verifySecuredLoginwithTautologyAttack8" time="0.005" classname="com.hijacking.dao.unsecured.SecuredVerifyLoginTest"/>
  <testcase name="verifySecuredLoginwithTautologyAttack9" time="0.013" classname="com.hijacking.dao.unsecured.SecuredVerifyLoginTest"/>
  <testcase name="verifySecuredLoginwithTautologyAttack5" time="0.006" classname="com.hijacking.dao.unsecured.SecuredVerifyLoginTest"/>
  <testcase name="verifySecuredLoginwithTautologyAttack4" time="0.006" classname="com.hijacking.dao.unsecured.SecuredVerifyLoginTest"/>
  <testcase name="verifySecuredLoginwithTautologyAttack10" time="0.009" classname="com.hijacking.dao.unsecured.SecuredVerifyLoginTest"/>
  <testcase name="verifySecuredLoginwithTautologyAttack3" time="0.008" classname="com.hijacking.dao.unsecured.SecuredVerifyLoginTest"/>
  <testcase name="verifySecuredLoginwithTautologyAttack13" time="0.006" classname="com.hijacking.dao.unsecured.SecuredVerifyLoginTest"/>
  <testcase name="verifySecuredLoginwithTautologyAttack11" time="0.006" classname="com.hijacking.dao.unsecured.SecuredVerifyLoginTest"/>
  <testcase name="verifySecuredLoginwithTautologyAttack14" time="0.007" classname="com.hijacking.dao.unsecured.SecuredVerifyLoginTest"/>
  <testcase name="verifySecuredLoginwithTautologyAttack12" time="0.008" classname="com.hijacking.dao.unsecured.SecuredVerifyLoginTest"/>
  <testcase name="verifySecuredLoginwithTautologyAttack6" time="0.007" classname="com.hijacking.dao.unsecured.SecuredVerifyLoginTest"/>
</testsuite> <!-- com.hijacking.dao.unsecured.SecuredVerifyLoginTest -->
